#
# A fatal error has been detected by the Java Runtime Environment:
#
#  Internal Error (safepoint.cpp:712), pid=53363, tid=0x000000000000885b
#  fatal error: Illegal threadstate encountered: 4
#
# JRE version: Java(TM) SE Runtime Environment (8.0_212-b10) (build 1.8.0_212-b10)
# Java VM: Java HotSpot(TM) 64-Bit Server VM (25.212-b10 mixed mode bsd-amd64 compressed oops)
# Failed to write core dump. Core dumps have been disabled. To enable core dumping, try "ulimit -c unlimited" before starting Java again
#
# If you would like to submit a bug report, please visit:
#   http://bugreport.java.com/bugreport/crash.jsp
# The crash happened outside the Java Virtual Machine in native code.
# See problematic frame for where to report the bug.
#

---------------  T H R E A D  ---------------

Current thread (0x00007f7f57982000):  JavaThread "Thread-1" daemon [_thread_in_native, id=34907, stack(0x0000000306aab000,0x0000000306bab000)]

Stack: [0x0000000306aab000,0x0000000306bab000],  sp=0x0000000306ba9c80,  free space=1019k
Native frames: (J=compiled Java code, j=interpreted, Vv=VM code, C=native code)
V  [libjvm.dylib+0x5b6994]  VMError::report_and_die()+0x3f8
V  [libjvm.dylib+0x1e9bdd]  report_vm_error(char const*, int, char const*, char const*)+0x54
V  [libjvm.dylib+0x4e66a8]  SafepointSynchronize::block(JavaThread*)+0x1b8
V  [libjvm.dylib+0x56fa72]  JavaThread::check_safepoint_and_suspend_for_native_trans(JavaThread*)+0xe8
V  [libjvm.dylib+0x16ab3e]  ThreadStateTransition::trans_from_native(JavaThreadState)+0x96
V  [libjvm.dylib+0x317599]  jni_DeleteGlobalRef+0x35
C  [libglass.dylib+0x51e1]  -[GlassRunnable dealloc]+0x31
C  [libobjc.A.dylib+0x25fb8]  objc_object::sidetable_release(bool, bool)+0xee
C  [Foundation+0x818be]  -[_NSThreadPerformInfo dealloc]+0x2a
C  [libobjc.A.dylib+0x25fb8]  objc_object::sidetable_release(bool, bool)+0xee
C  [Foundation+0x4e446]  -[NSObject(NSThreadPerformAdditions) performSelectorOnMainThread:withObject:waitUntilDone:]+0x7c
j  com.sun.glass.ui.mac.MacApplication._submitForLaterInvocation(Ljava/lang/Runnable;)V+0
j  com.sun.glass.ui.mac.MacApplication.submitForLaterInvocation(Ljava/lang/Runnable;)V+2
j  com.sun.glass.ui.InvokeLaterDispatcher.run()V+82
v  ~StubRoutines::call_stub
V  [libjvm.dylib+0x2f0d1e]  JavaCalls::call_helper(JavaValue*, methodHandle*, JavaCallArguments*, Thread*)+0x6ae
V  [libjvm.dylib+0x2f14c2]  JavaCalls::call_virtual(JavaValue*, KlassHandle, Symbol*, Symbol*, JavaCallArguments*, Thread*)+0x164
V  [libjvm.dylib+0x2f166e]  JavaCalls::call_virtual(JavaValue*, Handle, KlassHandle, Symbol*, Symbol*, Thread*)+0x4a
V  [libjvm.dylib+0x34bf5d]  thread_entry(JavaThread*, Thread*)+0x7c
V  [libjvm.dylib+0x570b93]  JavaThread::thread_main_inner()+0x9b
V  [libjvm.dylib+0x57228e]  JavaThread::run()+0x1c2
V  [libjvm.dylib+0x48f30a]  java_start(Thread*)+0xf6
C  [libsystem_pthread.dylib+0x64e1]  _pthread_start+0x7d
C  [libsystem_pthread.dylib+0x1f6b]  thread_start+0xf
C  0x0000000000000000

Java frames: (J=compiled Java code, j=interpreted, Vv=VM code)
j  com.sun.glass.ui.mac.MacApplication._submitForLaterInvocation(Ljava/lang/Runnable;)V+0
j  com.sun.glass.ui.mac.MacApplication.submitForLaterInvocation(Ljava/lang/Runnable;)V+2
j  com.sun.glass.ui.InvokeLaterDispatcher.run()V+82
v  ~StubRoutines::call_stub

---------------  P R O C E S S  ---------------

Java Threads: ( => current thread )
  0x00007f7f569fd800 JavaThread "PulseTimer-CVDisplayLink thread" daemon [_thread_in_native, id=64099, stack(0x0000000306c37000,0x0000000306cb7000)]
  0x00007f7f570ee000 JavaThread "Prism Font Disposer" daemon [_thread_blocked, id=32795, stack(0x0000000307052000,0x0000000307152000)]
  0x00007f7f60089800 JavaThread "Attach Listener" daemon [_thread_blocked, id=57191, stack(0x0000000306f4f000,0x000000030704f000)]
  0x00007f7f60872800 JavaThread "JavaFX-Launcher" [_thread_blocked, id=55707, stack(0x0000000306dc6000,0x0000000306ec6000)]
  0x00007f7f570d7000 JavaThread "JavaFX Application Thread" [_thread_in_native, id=259, stack(0x0000000304a4c000,0x000000030524c000)]
=>0x00007f7f57982000 JavaThread "Thread-1" daemon [_thread_in_native, id=34907, stack(0x0000000306aab000,0x0000000306bab000)]
  0x00007f7f568bf800 JavaThread "QuantumRenderer-0" daemon [_thread_blocked, id=24331, stack(0x000000030691f000,0x0000000306a1f000)]
  0x00007f7f56885000 JavaThread "Service Thread" daemon [_thread_blocked, id=23059, stack(0x0000000306719000,0x0000000306819000)]
  0x00007f7f6002c800 JavaThread "C1 CompilerThread3" daemon [_thread_blocked, id=41479, stack(0x0000000306616000,0x0000000306716000)]
  0x00007f7f61008800 JavaThread "C2 CompilerThread2" daemon [_thread_blocked, id=41987, stack(0x0000000306513000,0x0000000306613000)]
  0x00007f7f60024000 JavaThread "C2 CompilerThread1" daemon [_thread_blocked, id=22531, stack(0x0000000306410000,0x0000000306510000)]
  0x00007f7f5683a000 JavaThread "C2 CompilerThread0" daemon [_thread_blocked, id=43011, stack(0x000000030630d000,0x000000030640d000)]
  0x00007f7f6000a800 JavaThread "Monitor Ctrl-Break" daemon [_thread_in_native, id=22027, stack(0x000000030620a000,0x000000030630a000)]
  0x00007f7f57864000 JavaThread "Signal Dispatcher" daemon [_thread_blocked, id=16387, stack(0x0000000306107000,0x0000000306207000)]
  0x00007f7f60009800 JavaThread "Finalizer" daemon [_thread_blocked, id=18719, stack(0x0000000305ef4000,0x0000000305ff4000)]
  0x00007f7f5700f800 JavaThread "Reference Handler" daemon [_thread_blocked, id=14627, stack(0x0000000305df1000,0x0000000305ef1000)]
  0x00007f7f57809000 JavaThread "main" [_thread_blocked, id=6659, stack(0x00000003052d0000,0x00000003053d0000)]

Other Threads:
  0x00007f7f57855800 VMThread [stack: 0x0000000305cee000,0x0000000305dee000] [id=14083]
  0x00007f7f6000c000 WatcherThread [stack: 0x000000030681c000,0x000000030691c000] [id=23615]

VM state:not at safepoint (normal execution)

VM Mutex/Monitor currently owned by a thread: None

heap address: 0x00000005c0000000, size: 8192 MB, Compressed Oops mode: Zero based, Oop shift amount: 3
Narrow klass base: 0x0000000000000000, Narrow klass shift: 3
Compressed class space size: 1073741824 Address: 0x00000007c0000000

Heap:
 PSYoungGen      total 153088K, used 60561K [0x0000000715580000, 0x0000000720000000, 0x00000007c0000000)
  eden space 131584K, 46% used [0x0000000715580000,0x00000007190a4788,0x000000071d600000)
  from space 21504K, 0% used [0x000000071eb00000,0x000000071eb00000,0x0000000720000000)
  to   space 21504K, 0% used [0x000000071d600000,0x000000071d600000,0x000000071eb00000)
 ParOldGen       total 349696K, used 0K [0x00000005c0000000, 0x00000005d5580000, 0x0000000715580000)
  object space 349696K, 0% used [0x00000005c0000000,0x00000005c0000000,0x00000005d5580000)
 Metaspace       used 12410K, capacity 12886K, committed 13056K, reserved 1060864K
  class space    used 1629K, capacity 1781K, committed 1792K, reserved 1048576K

Card table byte_map: [0x000000011fe3a000,0x0000000120e3b000] byte_map_base: 0x000000011d03a000

Marking Bits: (ParMarkBitMap*) 0x000000010f87ee40
 Begin Bits: [0x0000000120e3b000, 0x0000000128e3b000)
 End Bits:   [0x0000000128e3b000, 0x0000000130e3b000)

Polling page: 0x0000000108f11000

CodeCache: size=245760Kb used=4374Kb max_used=4374Kb free=241385Kb
 bounds [0x0000000110e3a000, 0x000000011128a000, 0x000000011fe3a000]
 total_blobs=1941 nmethods=1355 adapters=500
 compilation: enabled

Compilation events (10 events):
Event: 5.096 Thread 0x00007f7f6002c800 1350       3       com.sun.javafx.tk.quantum.WindowStage::setInAllowedEventHandler (6 bytes)
Event: 5.096 Thread 0x00007f7f6002c800 nmethod 1350 0x000000011127f210 code [0x000000011127f360, 0x000000011127f4b0]
Event: 5.107 Thread 0x00007f7f6002c800 1351       3       java.util.concurrent.locks.AbstractQueuedSynchronizer::compareAndSetState (13 bytes)
Event: 5.108 Thread 0x00007f7f6002c800 nmethod 1351 0x000000011127f550 code [0x000000011127f6a0, 0x000000011127f810]
Event: 5.124 Thread 0x00007f7f6002c800 1352       3       javafx.scene.Scene$MouseHandler::updateCursorFrame (61 bytes)
Event: 5.126 Thread 0x00007f7f6002c800 nmethod 1352 0x000000011127f890 code [0x000000011127fa20, 0x000000011127fe78]
Event: 5.126 Thread 0x00007f7f6002c800 1353       1       com.sun.glass.ui.InvokeLaterDispatcher$Future::isDone (5 bytes)
Event: 5.126 Thread 0x00007f7f6002c800 nmethod 1353 0x000000011127ffd0 code [0x0000000111280120, 0x0000000111280230]
Event: 5.177 Thread 0x00007f7f6002c800 1354       3       java.util.concurrent.locks.AbstractQueuedSynchronizer::release (33 bytes)
Event: 5.178 Thread 0x00007f7f6002c800 nmethod 1354 0x0000000111280290 code [0x0000000111280420, 0x0000000111280738]

GC Heap History (0 events):
No events

Deoptimization events (10 events):
Event: 1.011 Thread 0x00007f7f570d7000 Uncommon trap: reason=unstable_if action=reinterpret pc=0x0000000110ff0618 method=java.lang.String.replace(CC)Ljava/lang/String; @ 2
Event: 1.294 Thread 0x00007f7f570d7000 Uncommon trap: reason=unstable_if action=reinterpret pc=0x00000001110a4f08 method=java.lang.String.replace(CC)Ljava/lang/String; @ 26
Event: 1.302 Thread 0x00007f7f570d7000 Uncommon trap: reason=unstable_if action=reinterpret pc=0x000000011101837c method=java.lang.String.indexOf([CII[CIII)I @ 134
Event: 1.428 Thread 0x00007f7f570d7000 Uncommon trap: reason=unstable_if action=reinterpret pc=0x00000001110a1d20 method=java.lang.CharacterData.of(I)Ljava/lang/CharacterData; @ 4
Event: 1.645 Thread 0x00007f7f570d7000 Uncommon trap: reason=class_check action=maybe_recompile pc=0x00000001110f057c method=java.util.Collections$UnmodifiableList.get(I)Ljava/lang/Object; @ 5
Event: 1.647 Thread 0x00007f7f570d7000 Uncommon trap: reason=class_check action=maybe_recompile pc=0x00000001110f057c method=java.util.Collections$UnmodifiableList.get(I)Ljava/lang/Object; @ 5
Event: 1.651 Thread 0x00007f7f570d7000 Uncommon trap: reason=class_check action=maybe_recompile pc=0x00000001110f057c method=java.util.Collections$UnmodifiableList.get(I)Ljava/lang/Object; @ 5
Event: 1.652 Thread 0x00007f7f570d7000 Uncommon trap: reason=class_check action=maybe_recompile pc=0x00000001110f057c method=java.util.Collections$UnmodifiableList.get(I)Ljava/lang/Object; @ 5
Event: 1.922 Thread 0x00007f7f568bf800 Uncommon trap: reason=unstable_if action=reinterpret pc=0x0000000111118bb8 method=sun.net.www.ParseUtil.encodePath(Ljava/lang/String;Z)Ljava/lang/String; @ 109
Event: 3.046 Thread 0x00007f7f570d7000 Uncommon trap: reason=unstable_if action=reinterpret pc=0x0000000111196e64 method=jdk.internal.org.objectweb.asm.Type.getArgumentsAndReturnSizes(Ljava/lang/String;)I @ 47

Classes redefined (0 events):
No events

Internal exceptions (10 events):
Event: 0.057 Thread 0x00007f7f57809000 Exception <a 'java/lang/NoSuchMethodError': Method sun.misc.Unsafe.prefetchRead(Ljava/lang/Object;J)V name or signature does not match> (0x0000000715587f98) thrown at [/Users/java_re/workspace/8-2-build-macosx-x86_64/jdk8u212/12974/hotspot/src/share/vm/pr
Event: 0.258 Thread 0x00007f7f57809000 Exception <a 'java/lang/NoSuchFieldError': method resolution failed> (0x00000007157fa400) thrown at [/Users/java_re/workspace/8-2-build-macosx-x86_64/jdk8u212/12974/hotspot/src/share/vm/prims/methodHandles.cpp, line 1167]
Event: 0.259 Thread 0x00007f7f57809000 Exception <a 'java/lang/NoSuchFieldError': method resolution failed> (0x0000000715808020) thrown at [/Users/java_re/workspace/8-2-build-macosx-x86_64/jdk8u212/12974/hotspot/src/share/vm/prims/methodHandles.cpp, line 1167]
Event: 0.328 Thread 0x00007f7f57809000 Exception <a 'java/security/PrivilegedActionException'> (0x0000000715ddaca0) thrown at [/Users/java_re/workspace/8-2-build-macosx-x86_64/jdk8u212/12974/hotspot/src/share/vm/prims/jvm.cpp, line 1502]
Event: 0.328 Thread 0x00007f7f57809000 Exception <a 'java/security/PrivilegedActionException'> (0x0000000715ddaeb0) thrown at [/Users/java_re/workspace/8-2-build-macosx-x86_64/jdk8u212/12974/hotspot/src/share/vm/prims/jvm.cpp, line 1502]
Event: 0.328 Thread 0x00007f7f57809000 Exception <a 'java/security/PrivilegedActionException'> (0x0000000715dde1e0) thrown at [/Users/java_re/workspace/8-2-build-macosx-x86_64/jdk8u212/12974/hotspot/src/share/vm/prims/jvm.cpp, line 1502]
Event: 0.328 Thread 0x00007f7f57809000 Exception <a 'java/security/PrivilegedActionException'> (0x0000000715dde3f0) thrown at [/Users/java_re/workspace/8-2-build-macosx-x86_64/jdk8u212/12974/hotspot/src/share/vm/prims/jvm.cpp, line 1502]
Event: 0.328 Thread 0x00007f7f57809000 Exception <a 'java/lang/NullPointerException'> (0x0000000715ddedf8) thrown at [/Users/java_re/workspace/8-2-build-macosx-x86_64/jdk8u212/12974/hotspot/src/share/vm/interpreter/linkResolver.cpp, line 1185]
Event: 1.228 Thread 0x00007f7f570d7000 Exception <a 'java/lang/NullPointerException'> (0x0000000717501c40) thrown at [/Users/java_re/workspace/8-2-build-macosx-x86_64/jdk8u212/12974/hotspot/src/share/vm/interpreter/linkResolver.cpp, line 1185]
Event: 1.228 Thread 0x00007f7f570d7000 Exception <a 'java/lang/NullPointerException'> (0x0000000717501c40) thrown at [/Users/java_re/workspace/8-2-build-macosx-x86_64/jdk8u212/12974/hotspot/src/share/vm/prims/jvm.cpp, line 1506]

Events (10 events):
Event: 3.154 loading class com/sun/prism/shader/DrawPgram_Color_Loader
Event: 3.154 loading class com/sun/prism/shader/DrawPgram_Color_Loader done
Event: 3.678 loading class com/sun/javafx/sg/prism/NGNode$RenderRootResult
Event: 3.678 loading class com/sun/javafx/sg/prism/NGNode$RenderRootResult done
Event: 4.008 Thread 0x00007f7f57121800 Thread exited: 0x00007f7f57121800
Event: 4.204 Executing VM operation: EnableBiasedLocking
Event: 4.205 Executing VM operation: EnableBiasedLocking done
Event: 4.305 Thread 0x00007f7f600ac000 Thread added: 0x00007f7f600ac000
Event: 4.772 Thread 0x00007f7f600ac000 Thread exited: 0x00007f7f600ac000
Event: 4.806 Thread 0x00007f7f569fd800 Thread added: 0x00007f7f569fd800


Dynamic libraries:
0x00007ff8237e5000 	/System/Library/Frameworks/Cocoa.framework/Versions/A/Cocoa
0x00007ff80eebb000 	/System/Library/Frameworks/AppKit.framework/Versions/C/AppKit
0x00007ff812430000 	/System/Library/Frameworks/CoreData.framework/Versions/A/CoreData
0x00007ff80d2be000 	/System/Library/Frameworks/Foundation.framework/Versions/C/Foundation
0x00007ff8176b5000 	/usr/lib/libSystem.B.dylib
0x00007ff80fd4b000 	/System/Library/PrivateFrameworks/UIFoundation.framework/Versions/A/UIFoundation
0x00007ff81d6e6000 	/System/Library/PrivateFrameworks/RemoteViewServices.framework/Versions/A/RemoteViewServices
0x00007ff815980000 	/System/Library/PrivateFrameworks/XCTTargetBootstrap.framework/Versions/A/XCTTargetBootstrap
0x00007ff81957c000 	/System/Library/PrivateFrameworks/InternationalSupport.framework/Versions/A/InternationalSupport
0x00007ff819606000 	/System/Library/PrivateFrameworks/UserActivity.framework/Versions/A/UserActivity
0x00007ff81895e000 	/usr/lib/libspindump.dylib
0x00007ff80ffda000 	/System/Library/Frameworks/UniformTypeIdentifiers.framework/Versions/A/UniformTypeIdentifiers
0x00007ff8140a4000 	/usr/lib/libapp_launch_measurement.dylib
0x00007ff812e13000 	/System/Library/PrivateFrameworks/CoreAnalytics.framework/Versions/A/CoreAnalytics
0x00007ff8140a7000 	/System/Library/PrivateFrameworks/CoreAutoLayout.framework/Versions/A/CoreAutoLayout
0x00007ff8152d7000 	/System/Library/Frameworks/Metal.framework/Versions/A/Metal
0x00007ff816007000 	/usr/lib/liblangid.dylib
0x00007ff815985000 	/System/Library/PrivateFrameworks/CoreSVG.framework/Versions/A/CoreSVG
0x00007ff8113c6000 	/System/Library/PrivateFrameworks/SkyLight.framework/Versions/A/SkyLight
0x00007ff811765000 	/System/Library/Frameworks/CoreGraphics.framework/Versions/A/CoreGraphics
0x00007ff81dda6000 	/System/Library/Frameworks/Accelerate.framework/Versions/A/Accelerate
0x00007ff8183dd000 	/System/Library/PrivateFrameworks/IconServices.framework/Versions/A/IconServices
0x00007ff8152bc000 	/System/Library/Frameworks/IOSurface.framework/Versions/A/IOSurface
0x00007ff812e41000 	/usr/lib/libDiagnosticMessagesClient.dylib
0x00007ff8175cf000 	/usr/lib/libz.1.dylib
0x00007ff821489000 	/System/Library/Frameworks/ApplicationServices.framework/Versions/A/ApplicationServices
0x00007ff81596c000 	/System/Library/PrivateFrameworks/DFRFoundation.framework/Versions/A/DFRFoundation
0x00007ff80e7a3000 	/usr/lib/libicucore.A.dylib
0x00007ff81a372000 	/System/Library/Frameworks/AudioToolbox.framework/Versions/A/AudioToolbox
0x00007ff819588000 	/System/Library/PrivateFrameworks/DataDetectorsCore.framework/Versions/A/DataDetectorsCore
0x00007ff9157e5000 	/System/Library/PrivateFrameworks/TextInput.framework/Versions/A/TextInput
0x00007ff811349000 	/usr/lib/libMobileGestalt.dylib
0x00007ff815678000 	/System/Library/Frameworks/Carbon.framework/Versions/A/Frameworks/HIToolbox.framework/Versions/A/HIToolbox
0x00007ff813aa6000 	/System/Library/Frameworks/QuartzCore.framework/Versions/A/QuartzCore
0x00007ff80e448000 	/System/Library/Frameworks/Security.framework/Versions/A/Security
0x00007ff81d71e000 	/System/Library/Frameworks/Carbon.framework/Versions/A/Frameworks/SpeechRecognition.framework/Versions/A/SpeechRecognition
0x00007ff813e04000 	/System/Library/PrivateFrameworks/CoreUI.framework/Versions/A/CoreUI
0x00007ff80dd12000 	/System/Library/Frameworks/CoreAudio.framework/Versions/A/CoreAudio
0x00007ff812f30000 	/System/Library/Frameworks/DiskArbitration.framework/Versions/A/DiskArbitration
0x00007ff818d4a000 	/System/Library/PrivateFrameworks/MultitouchSupport.framework/Versions/A/MultitouchSupport
0x00007ff811348000 	/usr/lib/libenergytrace.dylib
0x00007ff80eda7000 	/System/Library/Frameworks/IOKit.framework/Versions/A/IOKit
0x00007ff81db0e000 	/System/Library/Frameworks/CoreServices.framework/Versions/A/CoreServices
0x00007ff81403e000 	/System/Library/PrivateFrameworks/PerformanceAnalysis.framework/Versions/A/PerformanceAnalysis
0x00007ffa252c1000 	/System/Library/Frameworks/OpenGL.framework/Versions/A/OpenGL
0x00007ff816beb000 	/System/Library/PrivateFrameworks/MobileKeyBag.framework/Versions/A/MobileKeyBag
0x00007ff80c352000 	/usr/lib/libobjc.A.dylib
0x00007ff811e8f000 	/System/Library/Frameworks/ColorSync.framework/Versions/A/ColorSync
0x00007ff80c50c000 	/System/Library/Frameworks/CoreFoundation.framework/Versions/A/CoreFoundation
0x00007ff815bfd000 	/System/Library/Frameworks/CoreImage.framework/Versions/A/CoreImage
0x00007ff80db26000 	/System/Library/Frameworks/CoreText.framework/Versions/A/CoreText
0x00007ff8159b5000 	/System/Library/Frameworks/ImageIO.framework/Versions/A/ImageIO
0x00007ff8176bb000 	/System/Library/PrivateFrameworks/SoftLinking.framework/Versions/A/SoftLinking
0x00007ff8140ef000 	/usr/lib/libxml2.2.dylib
0x00007ff80c418000 	/usr/lib/libc++.1.dylib
0x00007ff81793c000 	/usr/lib/libcompression.dylib
0x00007ff8194af000 	/System/Library/PrivateFrameworks/TextureIO.framework/Versions/A/TextureIO
0x00007ff818056000 	/usr/lib/libate.dylib
0x00007ff8176b0000 	/usr/lib/system/libcache.dylib
0x00007ff81766c000 	/usr/lib/system/libcommonCrypto.dylib
0x00007ff817695000 	/usr/lib/system/libcompiler_rt.dylib
0x00007ff81768b000 	/usr/lib/system/libcopyfile.dylib
0x00007ff80c24d000 	/usr/lib/system/libcorecrypto.dylib
0x00007ff80c30b000 	/usr/lib/system/libdispatch.dylib
0x00007ff80c4cb000 	/usr/lib/system/libdyld.dylib
0x00007ff8176a7000 	/usr/lib/system/libkeymgr.dylib
0x00007ff81764a000 	/usr/lib/system/libmacho.dylib
0x00007ff816cc5000 	/usr/lib/system/libquarantine.dylib
0x00007ff8176a5000 	/usr/lib/system/libremovefile.dylib
0x00007ff811396000 	/usr/lib/system/libsystem_asl.dylib
0x00007ff80c1f6000 	/usr/lib/system/libsystem_blocks.dylib
0x00007ff80c38f000 	/usr/lib/system/libsystem_c.dylib
0x00007ff81769d000 	/usr/lib/system/libsystem_collections.dylib
0x00007ff815ff7000 	/usr/lib/system/libsystem_configuration.dylib
0x00007ff81529f000 	/usr/lib/system/libsystem_containermanager.dylib
0x00007ff81737c000 	/usr/lib/system/libsystem_coreservices.dylib
0x00007ff80ea37000 	/usr/lib/system/libsystem_darwin.dylib
0x00007ff8176a8000 	/usr/lib/system/libsystem_dnssd.dylib
0x00007ff80c38c000 	/usr/lib/system/libsystem_featureflags.dylib
0x00007ff80c4e1000 	/usr/lib/system/libsystem_info.dylib
0x00007ff8175e2000 	/usr/lib/system/libsystem_m.dylib
0x00007ff80c2df000 	/usr/lib/system/libsystem_malloc.dylib
0x00007ff811331000 	/usr/lib/system/libsystem_networkextension.dylib
0x00007ff80ee5d000 	/usr/lib/system/libsystem_notify.dylib
0x00007ff81d9e3000 	/usr/lib/system/libsystem_product_info_filter.dylib
0x00007ff815ffb000 	/usr/lib/system/libsystem_sandbox.dylib
0x00007ff8176a2000 	/usr/lib/system/libsystem_secinit.dylib
0x00007ff80c487000 	/usr/lib/system/libsystem_kernel.dylib
0x00007ff80c4d7000 	/usr/lib/system/libsystem_platform.dylib
0x00007ff80c4bf000 	/usr/lib/system/libsystem_pthread.dylib
0x00007ff812c53000 	/usr/lib/system/libsystem_symptoms.dylib
0x00007ff80c234000 	/usr/lib/system/libsystem_trace.dylib
0x00007ff817678000 	/usr/lib/system/libunwind.dylib
0x00007ff80c1f8000 	/usr/lib/system/libxpc.dylib
0x00007ff80c471000 	/usr/lib/libc++abi.dylib
0x00007ff817683000 	/usr/lib/liboah.dylib
0x00007ff817e14000 	/usr/lib/liblzma.5.dylib
0x00007ff80cfd0000 	/System/Library/Frameworks/SystemConfiguration.framework/Versions/A/SystemConfiguration
0x00007ff8176b7000 	/usr/lib/libfakelink.dylib
0x00007ff810ea1000 	/System/Library/Frameworks/CFNetwork.framework/Versions/A/CFNetwork
0x00007ff8177f8000 	/usr/lib/libarchive.2.dylib
0x00007ff816003000 	/System/Library/PrivateFrameworks/AppleSystemInfo.framework/Versions/A/AppleSystemInfo
0x00007ff816cec000 	/usr/lib/libbsm.0.dylib
0x00007ff8104b0000 	/usr/lib/libnetwork.dylib
0x00007ff817650000 	/usr/lib/system/libkxld.dylib
0x00007ff81691f000 	/System/Library/PrivateFrameworks/IOMobileFramebuffer.framework/Versions/A/IOMobileFramebuffer
0x00007ffb24c80000 	/usr/lib/libCoreEntitlements.dylib
0x00007ff81735e000 	/System/Library/PrivateFrameworks/AppleFSCompression.framework/Versions/A/AppleFSCompression
0x00007ff816cd4000 	/usr/lib/libcoretls.dylib
0x00007ff817e2e000 	/usr/lib/libcoretls_cfhelpers.dylib
0x00007ff817937000 	/usr/lib/libpam.2.dylib
0x00007ff812875000 	/usr/lib/libsqlite3.dylib
0x00007ff817e9d000 	/usr/lib/libxar.1.dylib
0x00007ff81736e000 	/usr/lib/libbz2.1.0.dylib
0x00007ff8176bc000 	/usr/lib/libpcap.A.dylib
0x00007ff812c4b000 	/usr/lib/libdns_services.dylib
0x00007ff81790a000 	/usr/lib/libapple_nghttp2.dylib
0x00007ff8176f6000 	/usr/lib/libiconv.2.dylib
0x00007ff817649000 	/usr/lib/libcharset.1.dylib
0x00007ff814072000 	/System/Library/Frameworks/CoreServices.framework/Versions/A/Frameworks/FSEvents.framework/Versions/A/FSEvents
0x00007ff80ea41000 	/System/Library/Frameworks/CoreServices.framework/Versions/A/Frameworks/CarbonCore.framework/Versions/A/CarbonCore
0x00007ff812e94000 	/System/Library/Frameworks/CoreServices.framework/Versions/A/Frameworks/Metadata.framework/Versions/A/Metadata
0x00007ff817381000 	/System/Library/Frameworks/CoreServices.framework/Versions/A/Frameworks/OSServices.framework/Versions/A/OSServices
0x00007ff81787f000 	/System/Library/Frameworks/CoreServices.framework/Versions/A/Frameworks/SearchKit.framework/Versions/A/SearchKit
0x00007ff812bdd000 	/System/Library/Frameworks/CoreServices.framework/Versions/A/Frameworks/AE.framework/Versions/A/AE
0x00007ff80ca0d000 	/System/Library/Frameworks/CoreServices.framework/Versions/A/Frameworks/LaunchServices.framework/Versions/A/LaunchServices
0x00007ff817dc5000 	/System/Library/Frameworks/CoreServices.framework/Versions/A/Frameworks/DictionaryServices.framework/Versions/A/DictionaryServices
0x00007ff81407f000 	/System/Library/Frameworks/CoreServices.framework/Versions/A/Frameworks/SharedFileList.framework/Versions/A/SharedFileList
0x00007ff816cc8000 	/usr/lib/libCheckFix.dylib
0x00007ff8113ad000 	/System/Library/PrivateFrameworks/TCC.framework/Versions/A/TCC
0x00007ff816009000 	/System/Library/PrivateFrameworks/CoreNLP.framework/Versions/A/CoreNLP
0x00007ff812e44000 	/System/Library/PrivateFrameworks/MetadataUtilities.framework/Versions/A/MetadataUtilities
0x00007ff80d081000 	/usr/lib/libmecabra.dylib
0x00007ff816cfc000 	/usr/lib/libmecab.dylib
0x00007ff80d04c000 	/usr/lib/libCRFSuite.dylib
0x00007ff816d56000 	/usr/lib/libgermantok.dylib
0x00007ff8178e5000 	/usr/lib/libThaiTokenizer.dylib
0x00007ff812f37000 	/System/Library/Frameworks/Accelerate.framework/Versions/A/Frameworks/vImage.framework/Versions/A/vImage
0x00007ff81dae5000 	/System/Library/Frameworks/Accelerate.framework/Versions/A/Frameworks/vecLib.framework/Versions/A/vecLib
0x00007ff817ede000 	/System/Library/Frameworks/Accelerate.framework/Versions/A/Frameworks/vecLib.framework/Versions/A/libvMisc.dylib
0x00007ff81671e000 	/System/Library/Frameworks/Accelerate.framework/Versions/A/Frameworks/vecLib.framework/Versions/A/libvDSP.dylib
0x00007ff80cd88000 	/System/Library/Frameworks/Accelerate.framework/Versions/A/Frameworks/vecLib.framework/Versions/A/libBLAS.dylib
0x00007ff817a1a000 	/System/Library/Frameworks/Accelerate.framework/Versions/A/Frameworks/vecLib.framework/Versions/A/libLAPACK.dylib
0x00007ff816d59000 	/System/Library/Frameworks/Accelerate.framework/Versions/A/Frameworks/vecLib.framework/Versions/A/libLinearAlgebra.dylib
0x00007ff817922000 	/System/Library/Frameworks/Accelerate.framework/Versions/A/Frameworks/vecLib.framework/Versions/A/libSparseBLAS.dylib
0x00007ff817a14000 	/System/Library/Frameworks/Accelerate.framework/Versions/A/Frameworks/vecLib.framework/Versions/A/libQuadrature.dylib
0x00007ff8160f4000 	/System/Library/Frameworks/Accelerate.framework/Versions/A/Frameworks/vecLib.framework/Versions/A/libBNNS.dylib
0x00007ff80cf5a000 	/System/Library/Frameworks/Accelerate.framework/Versions/A/Frameworks/vecLib.framework/Versions/A/libSparse.dylib
0x00007ff8160ed000 	/System/Library/PrivateFrameworks/LinguisticData.framework/Versions/A/LinguisticData
0x00007ff80cf10000 	/System/Library/PrivateFrameworks/Lexicon.framework/Versions/A/Lexicon
0x00007ff817ed7000 	/usr/lib/libChineseTokenizer.dylib
0x00007ff80d67b000 	/System/Library/PrivateFrameworks/LanguageModeling.framework/Versions/A/LanguageModeling
0x00007ff8178e7000 	/System/Library/PrivateFrameworks/AppleSauce.framework/Versions/A/AppleSauce
0x00007ff81690d000 	/System/Library/PrivateFrameworks/CoreEmoji.framework/Versions/A/CoreEmoji
0x00007ff8177e7000 	/usr/lib/libcmph.dylib
0x00007ff814056000 	/System/Library/Frameworks/OpenDirectory.framework/Versions/A/Frameworks/CFOpenDirectory.framework/Versions/A/CFOpenDirectory
0x00007ff81404a000 	/System/Library/Frameworks/OpenDirectory.framework/Versions/A/OpenDirectory
0x00007ff817e30000 	/System/Library/PrivateFrameworks/APFS.framework/Versions/A/APFS
0x00007ff816c23000 	/System/Library/Frameworks/SecurityFoundation.framework/Versions/A/SecurityFoundation
0x00007ff817eab000 	/usr/lib/libutil.dylib
0x00007ff80ed6b000 	/System/Library/PrivateFrameworks/CoreServicesStore.framework/Versions/A/CoreServicesStore
0x00007ff817eaf000 	/usr/lib/libxslt.1.dylib
0x00007ff816cb0000 	/System/Library/PrivateFrameworks/BackgroundTaskManagement.framework/Versions/A/BackgroundTaskManagement
0x00007ff8193d0000 	/System/Library/Frameworks/ImageIO.framework/Versions/A/Resources/libRadiance.dylib
0x00007ff8193d9000 	/System/Library/Frameworks/ImageIO.framework/Versions/A/Resources/libJPEG.dylib
0x00007ff819329000 	/System/Library/Frameworks/ImageIO.framework/Versions/A/Resources/libPng.dylib
0x00007ff81934a000 	/System/Library/Frameworks/ImageIO.framework/Versions/A/Resources/libTIFF.dylib
0x00007ff819438000 	/System/Library/Frameworks/ImageIO.framework/Versions/A/Resources/libGIF.dylib
0x00007ff818c66000 	/System/Library/Frameworks/ImageIO.framework/Versions/A/Resources/libJP2.dylib
0x00007ff8183a4000 	/usr/lib/libexpat.1.dylib
0x00007ff818c1b000 	/System/Library/PrivateFrameworks/AppleJPEG.framework/Versions/A/AppleJPEG
0x00007ff81553c000 	/System/Library/PrivateFrameworks/FontServices.framework/libFontParser.dylib
0x00007ff812b87000 	/System/Library/PrivateFrameworks/RunningBoardServices.framework/Versions/A/RunningBoardServices
0x00007ff823da0000 	/System/Library/PrivateFrameworks/IOSurfaceAccelerator.framework/Versions/A/IOSurfaceAccelerator
0x00007ff818d46000 	/System/Library/PrivateFrameworks/WatchdogClient.framework/Versions/A/WatchdogClient
0x00007ff80d769000 	/System/Library/Frameworks/CoreDisplay.framework/Versions/A/CoreDisplay
0x00007ff81543a000 	/System/Library/Frameworks/CoreMedia.framework/Versions/A/CoreMedia
0x00007ff8152ce000 	/System/Library/PrivateFrameworks/IOAccelerator.framework/Versions/A/IOAccelerator
0x00007ff8141d3000 	/System/Library/Frameworks/CoreVideo.framework/Versions/A/CoreVideo
0x00007ff817935000 	/System/Library/Frameworks/MetalPerformanceShaders.framework/Versions/A/MetalPerformanceShaders
0x00007ff818d83000 	/System/Library/Frameworks/VideoToolbox.framework/Versions/A/VideoToolbox
0x00007ff812ad1000 	/System/Library/PrivateFrameworks/BaseBoard.framework/Versions/A/BaseBoard
0x00007ff81285b000 	/System/Library/PrivateFrameworks/ProtocolBuffer.framework/Versions/A/ProtocolBuffer
0x00007ff8193c9000 	/System/Library/PrivateFrameworks/GPUWrangler.framework/Versions/A/GPUWrangler
0x00007ff8193ad000 	/System/Library/PrivateFrameworks/IOPresentment.framework/Versions/A/IOPresentment
0x00007ff8193d3000 	/System/Library/PrivateFrameworks/DSExternalDisplay.framework/Versions/A/DSExternalDisplay
0x00007ffa252b5000 	/System/Library/Frameworks/OpenGL.framework/Versions/A/Libraries/libCoreFSCache.dylib
0x00007ffb1237c000 	/System/Library/PrivateFrameworks/GPUCompiler.framework/Versions/31001/Libraries/libGPUCompilerUtils.dylib
0x00007ff81943d000 	/System/Library/PrivateFrameworks/CMCaptureCore.framework/Versions/A/CMCaptureCore
0x00007ff81894c000 	/System/Library/PrivateFrameworks/AppServerSupport.framework/Versions/A/AppServerSupport
0x00007ff81ac0b000 	/System/Library/PrivateFrameworks/perfdata.framework/Versions/A/perfdata
0x00007ff80d895000 	/System/Library/PrivateFrameworks/AudioToolboxCore.framework/Versions/A/AudioToolboxCore
0x00007ff815418000 	/System/Library/PrivateFrameworks/caulk.framework/Versions/A/caulk
0x00007ff81a51d000 	/usr/lib/libAudioStatistics.dylib
0x00007ff911f73000 	/System/Library/PrivateFrameworks/SystemPolicy.framework/Versions/A/SystemPolicy
0x00007ff81a778000 	/usr/lib/libSMC.dylib
0x00007ff823698000 	/System/Library/Frameworks/CoreMIDI.framework/Versions/A/CoreMIDI
0x00007ff8192f8000 	/usr/lib/libAudioToolboxUtility.dylib
0x00007ff90e19f000 	/System/Library/PrivateFrameworks/OSAServicesClient.framework/Versions/A/OSAServicesClient
0x00007ff81ac18000 	/usr/lib/libperfcheck.dylib
0x00007ff912a20000 	/usr/lib/libmis.dylib
0x00007ffa25310000 	/System/Library/Frameworks/OpenGL.framework/Versions/A/Libraries/libGLU.dylib
0x00007ffa252d4000 	/System/Library/Frameworks/OpenGL.framework/Versions/A/Libraries/libGFXShared.dylib
0x00007ffa254dd000 	/System/Library/Frameworks/OpenGL.framework/Versions/A/Libraries/libGL.dylib
0x00007ffa252dd000 	/System/Library/Frameworks/OpenGL.framework/Versions/A/Libraries/libGLImage.dylib
0x00007ffa252d1000 	/System/Library/Frameworks/OpenGL.framework/Versions/A/Libraries/libCVMSPluginSupport.dylib
0x00007ffa252bc000 	/System/Library/Frameworks/OpenGL.framework/Versions/A/Libraries/libCoreVMClient.dylib
0x00007ff815f85000 	/System/Library/Frameworks/MetalPerformanceShaders.framework/Versions/A/Frameworks/MPSCore.framework/Versions/A/MPSCore
0x00007ff8172c9000 	/System/Library/Frameworks/MetalPerformanceShaders.framework/Versions/A/Frameworks/MPSImage.framework/Versions/A/MPSImage
0x00007ff816d6f000 	/System/Library/Frameworks/MetalPerformanceShaders.framework/Versions/A/Frameworks/MPSNeuralNetwork.framework/Versions/A/MPSNeuralNetwork
0x00007ff8171e3000 	/System/Library/Frameworks/MetalPerformanceShaders.framework/Versions/A/Frameworks/MPSMatrix.framework/Versions/A/MPSMatrix
0x00007ff816f9e000 	/System/Library/Frameworks/MetalPerformanceShaders.framework/Versions/A/Frameworks/MPSRayIntersector.framework/Versions/A/MPSRayIntersector
0x00007ff81721b000 	/System/Library/Frameworks/MetalPerformanceShaders.framework/Versions/A/Frameworks/MPSNDArray.framework/Versions/A/MPSNDArray
0x00007ffa2ad95000 	/System/Library/Frameworks/MetalPerformanceShaders.framework/Versions/A/Frameworks/MPSFunctions.framework/Versions/A/MPSFunctions
0x00007ff80cc64000 	/System/Library/PrivateFrameworks/MetalTools.framework/Versions/A/MetalTools
0x00007ff816001000 	/System/Library/PrivateFrameworks/AggregateDictionary.framework/Versions/A/AggregateDictionary
0x00007ff818186000 	/usr/lib/libIOReport.dylib
0x00007ffa268ec000 	/System/Library/Frameworks/OpenCL.framework/Versions/A/OpenCL
0x00007ff8184ea000 	/System/Library/PrivateFrameworks/FaceCore.framework/Versions/A/FaceCore
0x00007ff8184db000 	/System/Library/PrivateFrameworks/GraphVisualizer.framework/Versions/A/GraphVisualizer
0x00007ffb12287000 	/System/Library/PrivateFrameworks/FontServices.framework/Versions/A/FontServices
0x00007ff818904000 	/System/Library/PrivateFrameworks/OTSVG.framework/Versions/A/OTSVG
0x00007ff813db9000 	/System/Library/Frameworks/ApplicationServices.framework/Versions/A/Frameworks/ATS.framework/Versions/A/Resources/libFontRegistry.dylib
0x00007ff818954000 	/System/Library/PrivateFrameworks/FontServices.framework/libhvf.dylib
0x00007ffb12288000 	/System/Library/PrivateFrameworks/FontServices.framework/libXTFontStaticRegistryData.dylib
0x00007ff818354000 	/System/Library/PrivateFrameworks/AppleVA.framework/Versions/A/AppleVA
0x00007ff81a53d000 	/System/Library/Frameworks/ApplicationServices.framework/Versions/A/Frameworks/ATS.framework/Versions/A/ATS
0x00007ff811f8d000 	/System/Library/Frameworks/ApplicationServices.framework/Versions/A/Frameworks/HIServices.framework/Versions/A/HIServices
0x00007ff819447000 	/System/Library/Frameworks/ApplicationServices.framework/Versions/A/Frameworks/PrintCore.framework/Versions/A/PrintCore
0x00007ff81a8cb000 	/System/Library/Frameworks/ApplicationServices.framework/Versions/A/Frameworks/QD.framework/Versions/A/QD
0x00007ff81a8c3000 	/System/Library/Frameworks/ApplicationServices.framework/Versions/A/Frameworks/ColorSyncLegacy.framework/Versions/A/ColorSyncLegacy
0x00007ff81a52d000 	/System/Library/Frameworks/ApplicationServices.framework/Versions/A/Frameworks/SpeechSynthesis.framework/Versions/A/SpeechSynthesis
0x00007ff819408000 	/System/Library/Frameworks/ApplicationServices.framework/Versions/A/Frameworks/ATSUI.framework/Versions/A/ATSUI
0x00007ff81a858000 	/usr/lib/libcups.2.dylib
0x00007ff81ac27000 	/System/Library/Frameworks/Kerberos.framework/Versions/A/Kerberos
0x00007ff81ac36000 	/System/Library/Frameworks/GSS.framework/Versions/A/GSS
0x00007ff81a5a9000 	/usr/lib/libresolv.9.dylib
0x00007ff818963000 	/System/Library/PrivateFrameworks/Heimdal.framework/Versions/A/Heimdal
0x00007ff82181b000 	/System/Library/Frameworks/Kerberos.framework/Versions/A/Libraries/libHeimdalProxy.dylib
0x00007ff812c5b000 	/System/Library/Frameworks/Network.framework/Versions/A/Network
0x00007ff8183be000 	/usr/lib/libheimdal-asn1.dylib
0x00007ff81ac81000 	/System/Library/PrivateFrameworks/CommonAuth.framework/Versions/A/CommonAuth
0x00007ff81a4af000 	/System/Library/PrivateFrameworks/AudioSession.framework/Versions/A/AudioSession
0x00007ff81844e000 	/System/Library/PrivateFrameworks/MediaExperience.framework/Versions/A/MediaExperience
0x00007ff81a341000 	/System/Library/PrivateFrameworks/AudioSession.framework/libSessionUtility.dylib
0x00007ff81a8d7000 	/System/Library/PrivateFrameworks/AudioResourceArbitration.framework/Versions/A/AudioResourceArbitration
0x00007ff81e958000 	/System/Library/PrivateFrameworks/PowerLog.framework/Versions/A/PowerLog
0x00007ff8183c7000 	/System/Library/PrivateFrameworks/IconFoundation.framework/Versions/A/IconFoundation
0x00007ff81d70e000 	/System/Library/PrivateFrameworks/SpeechRecognitionCore.framework/Versions/A/SpeechRecognitionCore
0x000000010ef83000 	/Library/Java/JavaVirtualMachines/jdk1.8.0_212.jdk/Contents/Home/jre/lib/server/libjvm.dylib
0x00007ffb2570c000 	/usr/lib/libstdc++.6.dylib
0x0000000108f1e000 	/Library/Java/JavaVirtualMachines/jdk1.8.0_212.jdk/Contents/Home/jre/lib/libverify.dylib
0x0000000108f73000 	/Library/Java/JavaVirtualMachines/jdk1.8.0_212.jdk/Contents/Home/jre/lib/libjava.dylib
0x000000010e000000 	/Library/Java/JavaVirtualMachines/jdk1.8.0_212.jdk/Contents/Home/jre/lib/libinstrument.dylib
0x0000000108f4e000 	/Library/Java/JavaVirtualMachines/jdk1.8.0_212.jdk/Contents/Home/jre/lib/libzip.dylib
0x00000001346f5000 	/Library/Java/JavaVirtualMachines/jdk1.8.0_212.jdk/Contents/Home/jre/lib/libnet.dylib
0x00000001349ec000 	/Library/Java/JavaVirtualMachines/jdk1.8.0_212.jdk/Contents/Home/jre/lib/libprism_es2.dylib
0x00007ff80ed2d000 	/System/Library/PrivateFrameworks/CoreServicesInternal.framework/Versions/A/CoreServicesInternal
0x00007ffa254e8000 	/System/Library/Frameworks/OpenGL.framework/Versions/A/Resources/GLEngine.bundle/GLEngine
0x00007ffa2534e000 	/System/Library/Frameworks/OpenGL.framework/Versions/A/Libraries/libGLProgrammability.dylib
0x0000000135259000 	/System/Library/Extensions/AppleMetalOpenGLRenderer.bundle/Contents/MacOS/AppleMetalOpenGLRenderer
0x00007ffa25672000 	/System/Library/Frameworks/OpenGL.framework/Versions/A/Resources/GLRendererFloat.bundle/GLRendererFloat
0x00007ffa1beb8000 	/System/Library/Extensions/AGXMetalG13X.bundle/Contents/MacOS/AGXMetalG13X
0x00007ff912a3b000 	/System/Library/PrivateFrameworks/GPURawCounter.framework/Versions/A/GPURawCounter
0x00007ff90d347000 	/System/Library/PrivateFrameworks/IOGPU.framework/Versions/A/IOGPU
0x0000000135554000 	/Library/Java/JavaVirtualMachines/jdk1.8.0_212.jdk/Contents/Home/jre/lib/libglass.dylib
0x00007ff81ef49000 	/System/Library/Frameworks/FileProvider.framework/Versions/A/FileProvider
0x00007ff812a3e000 	/System/Library/Frameworks/Accounts.framework/Versions/A/Accounts
0x00007ff81f0c2000 	/System/Library/PrivateFrameworks/GenerationalStorage.framework/Versions/A/GenerationalStorage
0x00007ff81fbd2000 	/System/Library/PrivateFrameworks/CoreSymbolication.framework/Versions/A/CoreSymbolication
0x00007ff81e94d000 	/System/Library/PrivateFrameworks/SymptomDiagnosticReporter.framework/Versions/A/SymptomDiagnosticReporter
0x00007ff80ffee000 	/System/Library/PrivateFrameworks/DesktopServicesPriv.framework/Versions/A/DesktopServicesPriv
0x00007ff80ee6c000 	/usr/lib/libsandbox.1.dylib
0x00007ff814252000 	/System/Library/PrivateFrameworks/UserManagement.framework/Versions/A/UserManagement
0x00007ff81fb97000 	/System/Library/PrivateFrameworks/DebugSymbols.framework/Versions/A/DebugSymbols
0x00007ff81a8b8000 	/System/Library/PrivateFrameworks/NetAuth.framework/Versions/A/NetAuth
0x00007ff81b7c7000 	/System/Library/PrivateFrameworks/Sharing.framework/Versions/A/Sharing
0x00007ff814225000 	/System/Library/PrivateFrameworks/login.framework/Versions/A/Frameworks/loginsupport.framework/Versions/A/loginsupport
0x00007ff820d35000 	/System/Library/PrivateFrameworks/Apple80211.framework/Versions/A/Apple80211
0x00007ff8173ae000 	/System/Library/PrivateFrameworks/AuthKit.framework/Versions/A/AuthKit
0x00007ff816a03000 	/System/Library/PrivateFrameworks/CoreUtils.framework/Versions/A/CoreUtils
0x00007ff81692a000 	/System/Library/Frameworks/CoreWLAN.framework/Versions/A/CoreWLAN
0x00007ff81b926000 	/System/Library/Frameworks/IOBluetooth.framework/Versions/A/IOBluetooth
0x00007ff820d9d000 	/System/Library/PrivateFrameworks/CoreWiFi.framework/Versions/A/CoreWiFi
0x00007ff81f76c000 	/System/Library/PrivateFrameworks/FrontBoardServices.framework/Versions/A/FrontBoardServices
0x00007ff81f7fd000 	/System/Library/PrivateFrameworks/BoardServices.framework/Versions/A/BoardServices
0x00007ff816c12000 	/System/Library/PrivateFrameworks/AssertionServices.framework/Versions/A/AssertionServices
0x00007ff820f20000 	/System/Library/PrivateFrameworks/BackBoardServices.framework/Versions/A/BackBoardServices
0x00007ff81ad12000 	/System/Library/PrivateFrameworks/CorePhoneNumbers.framework/Versions/A/CorePhoneNumbers
0x00007ff81a5d6000 	/System/Library/PrivateFrameworks/MultiverseSupport.framework/Versions/A/MultiverseSupport
0x00007ff821194000 	/System/Library/PrivateFrameworks/RemoteServiceDiscovery.framework/Versions/A/RemoteServiceDiscovery
0x00007ff81ea6a000 	/System/Library/PrivateFrameworks/DiskManagement.framework/Versions/A/DiskManagement
0x00007ff81e97e000 	/System/Library/PrivateFrameworks/AppleIDAuthSupport.framework/Versions/A/AppleIDAuthSupport
0x00007ffb0cc02000 	/System/Library/PrivateFrameworks/AAAFoundation.framework/Versions/A/AAAFoundation
0x00007ff81acf3000 	/System/Library/PrivateFrameworks/KeychainCircle.framework/Versions/A/KeychainCircle
0x00007ff8211a4000 	/System/Library/PrivateFrameworks/RemoteXPC.framework/Versions/A/RemoteXPC
0x00007ff81ea36000 	/System/Library/PrivateFrameworks/MediaKit.framework/Versions/A/MediaKit
0x00007ff81e98a000 	/System/Library/Frameworks/DiscRecording.framework/Versions/A/DiscRecording
0x00007ff8182cc000 	/usr/lib/libCoreStorage.dylib
0x00007ff82120f000 	/usr/lib/libcsfde.dylib
0x00007ff81b9f3000 	/System/Library/PrivateFrameworks/ProtectedCloudStorage.framework/Versions/A/ProtectedCloudStorage
0x00007ff82120b000 	/System/Library/PrivateFrameworks/EFILogin.framework/Versions/A/EFILogin
0x00007ff81f0e8000 	/System/Library/PrivateFrameworks/OctagonTrust.framework/Versions/A/OctagonTrust
0x00007ffb114ea000 	/System/Library/PrivateFrameworks/CoreUtilsExtras.framework/Versions/A/CoreUtilsExtras
0x00007ff81e8b1000 	/System/Library/Frameworks/CoreBluetooth.framework/Versions/A/CoreBluetooth
0x00007ff8218a0000 	/System/Library/Frameworks/AudioUnit.framework/Versions/A/AudioUnit
0x00007ff8182c4000 	/usr/lib/libMatch.1.dylib
0x00007ff917044000 	/System/Library/Frameworks/Accelerate.framework/Versions/A/Frameworks/vImage.framework/Versions/A/Libraries/libCGInterfaces.dylib
0x0000000136f0b000 	/usr/lib/libobjc-trampolines.dylib
0x00007ff823da8000 	/System/Library/PrivateFrameworks/FamilyControls.framework/Versions/A/FamilyControls
0x00007ff823dcc000 	/System/Library/PrivateFrameworks/CommerceKit.framework/Versions/A/Frameworks/CommerceCore.framework/Versions/A/CommerceCore
0x00007ff81de2a000 	/System/Library/PrivateFrameworks/SystemAdministration.framework/Versions/A/SystemAdministration
0x00007ff81b9da000 	/System/Library/PrivateFrameworks/AppContainer.framework/Versions/A/AppContainer
0x00007ff81b9ef000 	/System/Library/PrivateFrameworks/SecCodeWrapper.framework/Versions/A/SecCodeWrapper
0x00007ff81818f000 	/System/Library/PrivateFrameworks/CrashReporterSupport.framework/Versions/A/CrashReporterSupport
0x00007ff91ea5b000 	/System/Library/PrivateFrameworks/OSAnalytics.framework/Versions/A/OSAnalytics
0x00007ff929c0d000 	/System/Library/PrivateFrameworks/Symbolication.framework/Versions/A/Symbolication
0x00007ff9129fd000 	/System/Library/PrivateFrameworks/MallocStackLogging.framework/Versions/A/MallocStackLogging
0x00007ff818a1a000 	/System/Library/PrivateFrameworks/login.framework/Versions/A/login
0x00007ff819671000 	/System/Library/Frameworks/MediaToolbox.framework/Versions/A/MediaToolbox
0x00007ff81d6da000 	/System/Library/Frameworks/DirectoryService.framework/Versions/A/DirectoryService
0x00007ff8210ac000 	/System/Library/PrivateFrameworks/DiskImages.framework/Versions/A/DiskImages
0x00007ff816cba000 	/System/Library/Frameworks/ServiceManagement.framework/Versions/A/ServiceManagement
0x00007ff821289000 	/System/Library/PrivateFrameworks/LoginUIKit.framework/Versions/A/Frameworks/LoginUICore.framework/Versions/A/LoginUICore
0x00007ff818bc3000 	/usr/lib/libodfde.dylib
0x00007ff81ef19000 	/System/Library/PrivateFrameworks/CoreAVCHD.framework/Versions/A/CoreAVCHD
0x00007ff81ddee000 	/System/Library/Frameworks/MediaAccessibility.framework/Versions/A/MediaAccessibility
0x00007ff81ef15000 	/System/Library/PrivateFrameworks/Mangrove.framework/Versions/A/Mangrove
0x00007ff81ddf9000 	/System/Library/PrivateFrameworks/AlgosScoreFramework.framework/Versions/A/AlgosScoreFramework
0x00007ffb0e7de000 	/System/Library/PrivateFrameworks/CMPhoto.framework/Versions/A/CMPhoto
0x00007ff81fa6d000 	/System/Library/PrivateFrameworks/AppleVPA.framework/Versions/A/AppleVPA
0x00007ff81eb5a000 	/System/Library/PrivateFrameworks/CoreAUC.framework/Versions/A/CoreAUC
0x00007ff82121b000 	/usr/lib/libcurl.4.dylib
0x00007ffb251db000 	/usr/lib/libcrypto.46.dylib
0x00007ffb256d0000 	/usr/lib/libssl.48.dylib
0x00007ff820f3e000 	/System/Library/Frameworks/LDAP.framework/Versions/A/LDAP
0x00007ff820f76000 	/System/Library/PrivateFrameworks/TrustEvaluationAgent.framework/Versions/A/TrustEvaluationAgent
0x00007ff81a5c2000 	/usr/lib/libsasl2.2.dylib
0x00007ff81de1e000 	/System/Library/PrivateFrameworks/CoreDaemon.framework/Versions/B/CoreDaemon
0x00007ff81de19000 	/System/Library/PrivateFrameworks/AppleSRP.framework/Versions/A/AppleSRP
0x00007ff813f4a000 	/System/Library/PrivateFrameworks/ViewBridge.framework/Versions/A/ViewBridge
0x00007ffb24d6f000 	/usr/lib/libRosetta.dylib
0x0000000134980000 	/Library/Java/JavaVirtualMachines/jdk1.8.0_212.jdk/Contents/Home/jre/lib/libjavafx_font.dylib

VM Arguments:
jvm_args: -javaagent:/Applications/IntelliJ IDEA CE.app/Contents/lib/idea_rt.jar=53692:/Applications/IntelliJ IDEA CE.app/Contents/bin -Dfile.encoding=UTF-8 
java_command: training.chessington.Main
java_class_path (initial): /Library/Java/JavaVirtualMachines/jdk1.8.0_212.jdk/Contents/Home/jre/lib/charsets.jar:/Library/Java/JavaVirtualMachines/jdk1.8.0_212.jdk/Contents/Home/jre/lib/deploy.jar:/Library/Java/JavaVirtualMachines/jdk1.8.0_212.jdk/Contents/Home/jre/lib/ext/cldrdata.jar:/Library/Java/JavaVirtualMachines/jdk1.8.0_212.jdk/Contents/Home/jre/lib/ext/dnsns.jar:/Library/Java/JavaVirtualMachines/jdk1.8.0_212.jdk/Contents/Home/jre/lib/ext/jaccess.jar:/Library/Java/JavaVirtualMachines/jdk1.8.0_212.jdk/Contents/Home/jre/lib/ext/jfxrt.jar:/Library/Java/JavaVirtualMachines/jdk1.8.0_212.jdk/Contents/Home/jre/lib/ext/localedata.jar:/Library/Java/JavaVirtualMachines/jdk1.8.0_212.jdk/Contents/Home/jre/lib/ext/nashorn.jar:/Library/Java/JavaVirtualMachines/jdk1.8.0_212.jdk/Contents/Home/jre/lib/ext/sunec.jar:/Library/Java/JavaVirtualMachines/jdk1.8.0_212.jdk/Contents/Home/jre/lib/ext/sunjce_provider.jar:/Library/Java/JavaVirtualMachines/jdk1.8.0_212.jdk/Contents/Home/jre/lib/ext/sunpkcs11.jar:/Library/Java/JavaVirtualMachines/jdk1.8.0_212.jdk/Contents/Home/jre/lib/ext/zipfs.jar:/Library/Java/JavaVirtualMachines/jdk1.8.0_212.jdk/Contents/Home/jre/lib/javaws.jar:/Library/Java/JavaVirtualMachines/jdk1.8.0_212.jdk/Contents/Home/jre/lib/jce.jar:/Library/Java/JavaVirtualMachines/jdk1.8.0_212.jdk/Contents/Home/jre/lib/jfr.jar:/Library/Java/JavaVirtualMachines/jdk1.8.0_212.jdk/Contents/Home/jre/lib/jfxswt.jar:/Library/Java/JavaVirtualMachines/jdk1.8.0_212.jdk/Contents/Home/jre/lib/jsse.jar:/Library/Java/JavaVirtualMachines/jdk1.8.0_212.jdk/Contents/Home/jre/lib/management-agent.jar:/Library/Java/JavaVirtualMachines/jdk1.8.0_212.jdk/Contents/Home/jre/lib/plugin.jar:/Library/Java/JavaVirtualMachines/jdk1.8.0_212.jdk/Contents/Home/jre/lib/resources.jar:/Library/Java/JavaVirtualMachines/jdk1.8.0_212.jdk/Contents/Home/jre/lib/rt.jar:/Users/aduck1/Chessington-Java/target/classes:/Applications/IntelliJ IDEA CE.app/Contents/lib/idea_rt.jar
Launcher Type: SUN_STANDARD

Environment Variables:
PATH=/opt/homebrew/bin:/opt/homebrew/sbin:/usr/local/bin:/usr/bin:/bin:/usr/sbin:/sbin
SHELL=/bin/zsh

Signal Handlers:
SIGSEGV: [libjvm.dylib+0x5b71a7], sa_mask[0]=11111111111111111111111111111111, sa_flags=SA_ONSTACK|SA_RESTART|SA_SIGINFO
SIGBUS: [libjvm.dylib+0x5b71a7], sa_mask[0]=11111111111111111111111111111111, sa_flags=SA_RESTART|SA_SIGINFO
SIGFPE: [libjvm.dylib+0x48c8fc], sa_mask[0]=11111111111111111111111111111111, sa_flags=SA_RESTART|SA_SIGINFO
SIGPIPE: [libjvm.dylib+0x48c8fc], sa_mask[0]=11111111111111111111111111111111, sa_flags=SA_RESTART|SA_SIGINFO
SIGXFSZ: [libjvm.dylib+0x48c8fc], sa_mask[0]=11111111111111111111111111111111, sa_flags=SA_RESTART|SA_SIGINFO
SIGILL: [libjvm.dylib+0x48c8fc], sa_mask[0]=11111111111111111111111111111111, sa_flags=SA_RESTART|SA_SIGINFO
SIGUSR1: SIG_DFL, sa_mask[0]=00000000000000000000000000000000, sa_flags=none
SIGUSR2: [libjvm.dylib+0x48c41a], sa_mask[0]=00100000000000000000000000000000, sa_flags=SA_RESTART|SA_SIGINFO
SIGHUP: [libjvm.dylib+0x48a9a5], sa_mask[0]=11111111111111111111111111111111, sa_flags=SA_RESTART|SA_SIGINFO
SIGINT: [libjvm.dylib+0x48a9a5], sa_mask[0]=11111111111111111111111111111111, sa_flags=SA_RESTART|SA_SIGINFO
SIGTERM: [libjvm.dylib+0x48a9a5], sa_mask[0]=11111111111111111111111111111111, sa_flags=SA_RESTART|SA_SIGINFO
SIGQUIT: [libjvm.dylib+0x48a9a5], sa_mask[0]=11111111111111111111111111111111, sa_flags=SA_RESTART|SA_SIGINFO


---------------  S Y S T E M  ---------------

OS:Bsduname:Darwin 21.6.0 Darwin Kernel Version 21.6.0: Mon Aug 22 20:19:52 PDT 2022; root:xnu-8020.140.49~2/RELEASE_ARM64_T6000 x86_64
rlimit: STACK 8176k, CORE 0k, NPROC 5333, NOFILE 10240, AS infinity
load average:14.19 12.59 11.40

CPU:total 10 (initial active 10) (1 cores per cpu, 1 threads per core) family 6 model 44 stepping 0, cmov, cx8, fxsr, mmx, sse, sse2, sse3, ssse3, sse4.1, sse4.2, popcnt, aes, clmul, tsc, tscinvbit, tscinv

Memory: 4k page, physical 33554432k(63040k free)

/proc/meminfo:


vm_info: Java HotSpot(TM) 64-Bit Server VM (25.212-b10) for bsd-amd64 JRE (1.8.0_212-b10), built on Apr  1 2019 23:10:56 by "java_re" with gcc 4.2.1 (Based on Apple Inc. build 5658) (LLVM build 2336.11.00)

time: Mon Sep 26 14:55:05 2022
timezone: BST
elapsed time: 5 seconds (0d 0h 0m 5s)

